<?xml version="1.0" encoding="UTF-8"?>
<!-- Generated by org.testng.reporters.JUnitXMLReporter -->
<testsuite hostname="ahmads-MacBook-Air.local" ignored="0" name="Command line test" tests="3" failures="0" timestamp="15 Jan 2017 07:14:16 GMT" time="0.077" errors="0">
  <testcase name="@BeforeMethod setUp" time="0.0" classname="base.CommonAPI">
    <failure type="org.testng.TestNGException" message="
Parameter &amp;apos;url&amp;apos; is required by BeforeMethod on method setUp but has not been marked @Optional or defined
">
      <![CDATA[org.testng.TestNGException: 
Parameter 'url' is required by BeforeMethod on method setUp but has not been marked @Optional or defined

... Removed 34 stack frames]]>
    </failure>
  </testcase> <!-- @BeforeMethod setUp -->
  <testcase name="@AfterMethod tearDown" time="0.0" classname="base.CommonAPI">
    <skipped/>
  </testcase> <!-- @AfterMethod tearDown -->
  <testcase name="@BeforeMethod setUp" time="0.0" classname="base.CommonAPI">
    <skipped/>
  </testcase> <!-- @BeforeMethod setUp -->
  <testcase name="@AfterMethod tearDown" time="0.0" classname="base.CommonAPI">
    <skipped/>
  </testcase> <!-- @AfterMethod tearDown -->
  <testcase name="@BeforeMethod setUp" time="0.0" classname="base.CommonAPI">
    <skipped/>
  </testcase> <!-- @BeforeMethod setUp -->
  <testcase name="@AfterMethod tearDown" time="0.0" classname="base.CommonAPI">
    <skipped/>
  </testcase> <!-- @AfterMethod tearDown -->
  <testcase name="testHomePageTittle" time="0.008" classname="HomePage.TestHomePage">
    <skipped/>
  </testcase> <!-- testHomePageTittle -->
  <testcase name="IncorrectMemberLoginBlank" time="0.0" classname="HomePage.TestMemberLogin">
    <skipped/>
  </testcase> <!-- IncorrectMemberLoginBlank -->
  <testcase name="IncorrectMemberLoginWithWrongInfo" time="0.0" classname="HomePage.TestMemberLogin">
    <skipped/>
  </testcase> <!-- IncorrectMemberLoginWithWrongInfo -->
</testsuite> <!-- Command line test -->
